==========================================
SLURM_CLUSTER_NAME = param-shakti
SLURM_JOB_ACCOUNT = testfac1
SLURM_JOB_ID = 382028
SLURM_JOB_NAME = param.sh
SLURM_JOB_NODELIST = gpu022
SLURM_JOB_USER = testuser9
SLURM_JOB_UID = 6452
SLURM_JOB_PARTITION = gpu-low
SLURM_TASK_PID = 107771
SLURM_SUBMIT_DIR = /scratch/testuser9/day1
SLURM_CPUS_ON_NODE = 1
SLURM_NTASKS = 
SLURM_TASK_PID = 107771
==========================================
slurmstepd: pyxis: creating container filesystem ...
slurmstepd: pyxis: starting container ...
slurmstepd: error: Could not run slurm task_prolog [/var/share/slurm/slurm.taskprolog]: No such file or directory
Execution Time for CUDA JIT: 1.966878 seconds
Execution Time for CPython: 858.207143 seconds
