==========================================
SLURM_CLUSTER_NAME = param-shakti
SLURM_JOB_ACCOUNT = testfac1
SLURM_JOB_ID = 382857
SLURM_JOB_NAME = param.sh
SLURM_JOB_NODELIST = gpu018
SLURM_JOB_USER = testuser9
SLURM_JOB_UID = 6452
SLURM_JOB_PARTITION = gpu-low
SLURM_TASK_PID = 141307
SLURM_SUBMIT_DIR = /scratch/testuser9/day1
SLURM_CPUS_ON_NODE = 1
SLURM_NTASKS = 
SLURM_TASK_PID = 141307
==========================================
slurmstepd: pyxis: creating container filesystem ...
slurmstepd: pyxis: starting container ...
slurmstepd: error: Could not run slurm task_prolog [/var/share/slurm/slurm.taskprolog]: No such file or directory
Execution Time for CUDA JIT: 1.932228 seconds
Execution Time for CPython: 866.638703 seconds
